<?xml version="1.0" encoding="UTF-8"?>
<testng-results ignored="0" total="1" passed="0" failed="1" skipped="0">
  <reporter-output>
  </reporter-output>
  <suite started-at="2023-01-31T17:20:33 IST" name="Default suite" finished-at="2023-01-31T17:20:35 IST" duration-ms="1687">
    <groups>
      <group name="Sanity">
        <method signature="LoginPageTest.TC01VerifyUserIsAbleToNavigateToFinmoAndLogin()[pri:0, instance:TestCases.LoginPageTest@53f0a4cb]" name="TC01VerifyUserIsAbleToNavigateToFinmoAndLogin" class="TestCases.LoginPageTest"/>
      </group> <!-- Sanity -->
      <group name="Regression">
        <method signature="LoginPageTest.TC01VerifyUserIsAbleToNavigateToFinmoAndLogin()[pri:0, instance:TestCases.LoginPageTest@53f0a4cb]" name="TC01VerifyUserIsAbleToNavigateToFinmoAndLogin" class="TestCases.LoginPageTest"/>
      </group> <!-- Regression -->
      <group name="Smoke">
        <method signature="LoginPageTest.TC01VerifyUserIsAbleToNavigateToFinmoAndLogin()[pri:0, instance:TestCases.LoginPageTest@53f0a4cb]" name="TC01VerifyUserIsAbleToNavigateToFinmoAndLogin" class="TestCases.LoginPageTest"/>
      </group> <!-- Smoke -->
    </groups>
    <test started-at="2023-01-31T17:20:33 IST" name="Default test" finished-at="2023-01-31T17:20:35 IST" duration-ms="1687">
      <class name="TestCases.LoginPageTest">
        <test-method is-config="true" signature="SetEnvironment()[pri:0, instance:TestCases.LoginPageTest@53f0a4cb]" started-at="2023-01-31T17:20:33 IST" name="SetEnvironment" finished-at="2023-01-31T17:20:33 IST" duration-ms="36" status="PASS">
          <reporter-output>
          </reporter-output>
        </test-method> <!-- SetEnvironment -->
        <test-method signature="TC01VerifyUserIsAbleToNavigateToFinmoAndLogin()[pri:0, instance:TestCases.LoginPageTest@53f0a4cb]" started-at="2023-01-31T17:20:33 IST" name="TC01VerifyUserIsAbleToNavigateToFinmoAndLogin" description="Verify user is able to navigate to Finmo web app" finished-at="2023-01-31T17:20:35 IST" duration-ms="1592" status="FAIL">
          <exception class="java.lang.NoSuchMethodError">
            <message>
              <![CDATA['com.google.common.collect.ImmutableMap com.google.common.collect.ImmutableMap.of(java.lang.Object, java.lang.Object, java.lang.Object, java.lang.Object, java.lang.Object, java.lang.Object, java.lang.Object, java.lang.Object, java.lang.Object, java.lang.Object, java.lang.Object, java.lang.Object)']]>
            </message>
            <full-stacktrace>
              <![CDATA[java.lang.NoSuchMethodError: 'com.google.common.collect.ImmutableMap com.google.common.collect.ImmutableMap.of(java.lang.Object, java.lang.Object, java.lang.Object, java.lang.Object, java.lang.Object, java.lang.Object, java.lang.Object, java.lang.Object, java.lang.Object, java.lang.Object, java.lang.Object, java.lang.Object)'
at org.openqa.selenium.chrome.AddHasCasting.getAdditionalCommands(AddHasCasting.java:38)
at org.openqa.selenium.chrome.ChromeDriver$ChromeDriverCommandExecutor.getExtraCommands(ChromeDriver.java:123)
at org.openqa.selenium.chrome.ChromeDriver$ChromeDriverCommandExecutor.<init>(ChromeDriver.java:118)
at org.openqa.selenium.chrome.ChromeDriver.<init>(ChromeDriver.java:106)
at org.openqa.selenium.chrome.ChromeDriver.<init>(ChromeDriver.java:93)
at org.openqa.selenium.chrome.ChromeDriver.<init>(ChromeDriver.java:48)
at TestCases.LoginPageTest.TC01VerifyUserIsAbleToNavigateToFinmoAndLogin(LoginPageTest.java:36)
at java.base/jdk.internal.reflect.NativeMethodAccessorImpl.invoke0(Native Method)
at java.base/jdk.internal.reflect.NativeMethodAccessorImpl.invoke(NativeMethodAccessorImpl.java:77)
at java.base/jdk.internal.reflect.DelegatingMethodAccessorImpl.invoke(DelegatingMethodAccessorImpl.java:43)
at java.base/java.lang.reflect.Method.invoke(Method.java:568)
at org.testng.internal.MethodInvocationHelper.invokeMethod(MethodInvocationHelper.java:132)
at org.testng.internal.TestInvoker.invokeMethod(TestInvoker.java:599)
at org.testng.internal.TestInvoker.invokeTestMethod(TestInvoker.java:174)
at org.testng.internal.MethodRunner.runInSequence(MethodRunner.java:46)
at org.testng.internal.TestInvoker$MethodInvocationAgent.invoke(TestInvoker.java:822)
at org.testng.internal.TestInvoker.invokeTestMethods(TestInvoker.java:147)
at org.testng.internal.TestMethodWorker.invokeTestMethods(TestMethodWorker.java:146)
at org.testng.internal.TestMethodWorker.run(TestMethodWorker.java:128)
at java.base/java.util.ArrayList.forEach(ArrayList.java:1511)
at org.testng.TestRunner.privateRun(TestRunner.java:764)
at org.testng.TestRunner.run(TestRunner.java:585)
at org.testng.SuiteRunner.runTest(SuiteRunner.java:384)
at org.testng.SuiteRunner.runSequentially(SuiteRunner.java:378)
at org.testng.SuiteRunner.privateRun(SuiteRunner.java:337)
at org.testng.SuiteRunner.run(SuiteRunner.java:286)
at org.testng.SuiteRunnerWorker.runSuite(SuiteRunnerWorker.java:53)
at org.testng.SuiteRunnerWorker.run(SuiteRunnerWorker.java:96)
at org.testng.TestNG.runSuitesSequentially(TestNG.java:1218)
at org.testng.TestNG.runSuitesLocally(TestNG.java:1140)
at org.testng.TestNG.runSuites(TestNG.java:1069)
at org.testng.TestNG.run(TestNG.java:1037)
at org.testng.remote.AbstractRemoteTestNG.run(AbstractRemoteTestNG.java:115)
at org.testng.remote.RemoteTestNG.initAndRun(RemoteTestNG.java:251)
at org.testng.remote.RemoteTestNG.main(RemoteTestNG.java:77)
]]>
            </full-stacktrace>
          </exception> <!-- java.lang.NoSuchMethodError -->
          <reporter-output>
          </reporter-output>
        </test-method> <!-- TC01VerifyUserIsAbleToNavigateToFinmoAndLogin -->
      </class> <!-- TestCases.LoginPageTest -->
    </test> <!-- Default test -->
  </suite> <!-- Default suite -->
</testng-results>
